<?xml version="1.0" encoding="UTF-8"?>
<testng-results skipped="0" failed="0" total="2" passed="2">
  <reporter-output>
  </reporter-output>
  <suite name="Default suite" duration-ms="15556" started-at="2022-12-26T10:04:08Z" finished-at="2022-12-26T10:04:23Z">
    <groups>
    </groups>
    <test name="Default test" duration-ms="15556" started-at="2022-12-26T10:04:08Z" finished-at="2022-12-26T10:04:23Z">
      <class name="checkValue.WebPage">
        <test-method status="PASS" signature="launch()[pri:0, instance:checkValue.WebPage@614c5515]" test-instance-name="" name="launch" is-config="true" duration-ms="10925" started-at="2022-12-26T15:34:08Z" finished-at="2022-12-26T15:34:19Z">
          <reporter-output>
          </reporter-output>
        </test-method> <!-- launch -->
        <test-method status="PASS" signature="starting()[pri:0, instance:checkValue.WebPage@614c5515]" test-instance-name="" name="starting" is-config="true" duration-ms="0" started-at="2022-12-26T15:34:19Z" finished-at="2022-12-26T15:34:19Z">
          <reporter-output>
          </reporter-output>
        </test-method> <!-- starting -->
        <test-method status="PASS" signature="saree()[pri:1, instance:checkValue.WebPage@614c5515]" test-instance-name="" name="saree" duration-ms="348" started-at="2022-12-26T15:34:19Z" finished-at="2022-12-26T15:34:19Z">
          <reporter-output>
          </reporter-output>
        </test-method> <!-- saree -->
        <test-method status="PASS" signature="ending()[pri:0, instance:checkValue.WebPage@614c5515]" test-instance-name="" name="ending" is-config="true" duration-ms="0" started-at="2022-12-26T15:34:19Z" finished-at="2022-12-26T15:34:19Z">
          <reporter-output>
          </reporter-output>
        </test-method> <!-- ending -->
        <test-method status="PASS" signature="starting()[pri:0, instance:checkValue.WebPage@614c5515]" test-instance-name="" name="starting" is-config="true" duration-ms="1" started-at="2022-12-26T15:34:19Z" finished-at="2022-12-26T15:34:19Z">
          <reporter-output>
          </reporter-output>
        </test-method> <!-- starting -->
        <test-method status="PASS" signature="addCart()[pri:2, instance:checkValue.WebPage@614c5515]" test-instance-name="" name="addCart" duration-ms="4262" started-at="2022-12-26T15:34:19Z" depends-on-methods="checkValue.WebPage.saree" finished-at="2022-12-26T15:34:23Z">
          <reporter-output>
          </reporter-output>
        </test-method> <!-- addCart -->
        <test-method status="PASS" signature="ending()[pri:0, instance:checkValue.WebPage@614c5515]" test-instance-name="" name="ending" is-config="true" duration-ms="0" started-at="2022-12-26T15:34:23Z" finished-at="2022-12-26T15:34:23Z">
          <reporter-output>
          </reporter-output>
        </test-method> <!-- ending -->
        <test-method status="PASS" signature="close()[pri:0, instance:checkValue.WebPage@614c5515]" test-instance-name="" name="close" is-config="true" duration-ms="0" started-at="2022-12-26T15:34:23Z" finished-at="2022-12-26T15:34:23Z">
          <reporter-output>
          </reporter-output>
        </test-method> <!-- close -->
      </class> <!-- checkValue.WebPage -->
    </test> <!-- Default test -->
  </suite> <!-- Default suite -->
</testng-results>
